18.3119 	WARNING 	Import Error: No module named 'psychtoolbox'. Using event module for keyboard component.
20.8177 	INFO 	Loaded monitor calibration from ['2024_06_21 14:59']
20.8344 	WARNING 	User requested fullscreen with size [1024  768], but screen is actually [1352, 878]. Using actual size
21.0721 	EXP 	Created window1 = Window(allowGUI=True, allowStencil=False, autoLog=True, backendConf=UNKNOWN, backgroundFit=<method-wrapper '__getattribute__' of attributeSetter object at 0x16eb28ee0>, backgroundImage=<method-wrapper '__getattribute__' of attributeSetter object at 0x16eb28e80>, bitsMode=UNKNOWN, blendMode='avg', bpc=(8, 8, 8), color=array([0, 0, 0]), colorSpace='rgb', depthBits=8, fullscr=<method-wrapper '__getattribute__' of attributeSetter object at 0x16eb28cd0>, gamma=None, gammaErrorPolicy='raise', infoMsg=UNKNOWN, lms=UNKNOWN, monitor=<psychopy.monitors.calibTools.Monitor object at 0x16ec56440>, multiSample=False, name='window1', numSamples=2, pos=[np.float64(338.0), np.float64(219.5)], screen=0, size=array([2704, 1756]), stencilBits=0, stereo=False, title='PsychoPy', units='height', useFBO=True, useRetina=True, viewOri=0.0, viewPos=None, viewScale=None, waitBlanking=True, winType='pyglet')
21.0722 	EXP 	window1: backgroundImage = ''
21.0722 	EXP 	window1: backgroundFit = 'none'
21.0723 	EXP 	window1: mouseVisible = <method-wrapper '__getattribute__' of attributeSetter object at 0x16eb29000>
21.0724 	EXP 	window1: mouseVisible = <method-wrapper '__getattribute__' of attributeSetter object at 0x16eb29000>
21.0790 	EXP 	window1: mouseVisible = <method-wrapper '__getattribute__' of attributeSetter object at 0x16eb29000>
21.0794 	EXP 	window1: mouseVisible = <method-wrapper '__getattribute__' of attributeSetter object at 0x16eb29000>
21.1023 	EXP 	window1: mouseVisible = <method-wrapper '__getattribute__' of attributeSetter object at 0x16eb29000>
21.1023 	EXP 	window1: mouseVisible = <method-wrapper '__getattribute__' of attributeSetter object at 0x16eb29000>
21.1027 	EXP 	window1: mouseVisible = <method-wrapper '__getattribute__' of attributeSetter object at 0x16eb29000>
21.1030 	EXP 	window1: mouseVisible = <method-wrapper '__getattribute__' of attributeSetter object at 0x16eb29000>
21.1129 	EXP 	window1: Attempting to measure frame rate of screen (0) ...
21.1129 	EXP 	window1: recordFrameIntervals = False
21.2488 	EXP 	window1: recordFrameIntervals = True
21.3280 	WARNING 	t of last frame was 21.83ms (=1/45)
22.2347 	WARNING 	Couldn't measure a consistent frame rate!
  - Is your graphics card set to sync to vertical blank?
  - Are you running other processes on your computer?

22.2357 	EXP 	window1: mouseVisible = False
26.9723 	INFO 	keyboard.Keyboard is using iohub backend.
26.9723 	EXP 	untitled: status = STARTED
26.9726 	EXP 	window1: mouseVisible = False
27.0273 	EXP 	Created text = TextStim(__class__=<class 'psychopy.visual.text.TextStim'>, alignHoriz=method-wrapper(...), alignText='center', alignVert=method-wrapper(...), anchorHoriz='center', anchorVert='center', antialias=True, autoDraw=False, autoLog=True, bold=False, color=array([1., 1., 1.]), colorSpace='rgb', contrast=1.0, depth=0.0, draggable=False, flipHoriz=False, flipVert=False, font='Arial', fontFiles=[], height=np.float64(0.05000000000000001), italic=False, languageStyle='LTR', name='text', opacity=1, ori=0.0, pos=array([0., 0.]), rgb=UNKNOWN, text='Hello welcome to X experiment\n', units='height', win=Window(...), wrapWidth=1)
27.0394 	EXP 	window1: mouseVisible = False
27.0418 	EXP 	window1: mouseVisible = False
27.0458 	EXP 	window1: mouseVisible = False
27.0490 	EXP 	Created slider = Slider(__class__=<class 'psychopy.visual.slider.Slider'>, autoDraw=False, autoLog=True, borderColor=None, color=None, colorSpace='rgb', depth=-1, fillColor=None, flip=False, font='Open Sans', granularity=0.0, labelColor=None, labelHeight=np.float64(0.05000000000000001), labelWrapWidth=None, labels=None, lineColor=None, markerColor=None, name='slider', opacity=None, ori=0.0, pos=array([ 0. , -0.4]), readOnly=False, self=UNKNOWN, size=array([1. , 0.1]), startValue=None, style='rating', styleTweaks=['triangleMarker'], ticks=array([1, 2, 3, 4, 5]), units='height', win=Window(...))
0.0095 	EXP 	slider: autoLog = True
0.0095 	EXP 	slider: styleTweaks = []
0.0095 	EXP 	slider: styleTweaks = []
0.0095 	EXP 	slider: styleTweaks = ['triangleMarker']
0.0095 	EXP 	slider: styleTweaks = ['triangleMarker']
0.0095 	EXP 	slider: contrast = 1.0
0.0095 	EXP 	slider: markerPos = None
0.0095 	EXP 	slider: autoLog = True
0.0861 	WARNING 	t of last frame was 76.62ms (=1/13)
0.0861 	EXP 	slider: markerPos = None
0.0861 	EXP 	slider: markerPos = None
0.0861 	EXP 	text: autoDraw = True
0.0861 	EXP 	slider: autoDraw = True
1.0761 	EXP 	text: autoDraw = False
1.7925 	WARNING 	t of last frame was 20.27ms (=1/49)
1.9133 	WARNING 	t of last frame was 20.89ms (=1/47)
2.9800 	WARNING 	Multiple dropped frames have occurred - I'll stop bothering you about them!
3.1788 	DATA 	Mouse: Left button down, pos=(1142,91)
3.1839 	EXP 	slider: markerPos = np.float64(5.123006833712984)
3.1970 	EXP 	slider: markerPos = np.float64(5.123006833712984)
3.2029 	EXP 	slider: markerPos = np.float64(5.123006833712984)
3.2064 	EXP 	slider: markerPos = np.float64(5.123006833712984)
3.2214 	EXP 	slider: markerPos = np.float64(5.123006833712984)
3.2260 	EXP 	slider: markerPos = np.float64(5.123006833712984)
3.2424 	EXP 	slider: markerPos = np.float64(5.123006833712984)
3.2468 	EXP 	slider: markerPos = np.float64(5.123006833712984)
3.2598 	EXP 	slider: markerPos = np.float64(5.123006833712984)
3.2653 	EXP 	slider: markerPos = np.float64(5.123006833712984)
3.2798 	EXP 	slider: markerPos = np.float64(5.123006833712984)
3.2857 	EXP 	slider: markerPos = np.float64(5.123006833712984)
3.2891 	EXP 	slider: markerPos = np.float64(5.123006833712984)
3.3047 	EXP 	slider: markerPos = np.float64(5.123006833712984)
3.3097 	EXP 	slider: markerPos = np.float64(5.123006833712984)
3.3257 	EXP 	slider: markerPos = np.float64(5.123006833712984)
3.3327 	EXP 	slider: markerPos = np.float64(5.123006833712984)
3.3360 	EXP 	slider: markerPos = np.float64(5.123006833712984)
3.3506 	EXP 	slider: markerPos = np.float64(5.123006833712984)
3.3557 	EXP 	slider: markerPos = np.float64(5.123006833712984)
3.3715 	EXP 	slider: markerPos = np.float64(5.123006833712984)
3.3780 	EXP 	slider: markerPos = np.float64(5.123006833712984)
3.3815 	EXP 	slider: markerPos = np.float64(5.123006833712984)
3.3964 	EXP 	slider: markerPos = np.float64(5.123006833712984)
3.4010 	EXP 	slider: markerPos = np.float64(5.123006833712984)
3.4173 	EXP 	slider: markerPos = np.float64(5.123006833712984)
3.4232 	EXP 	slider: markerPos = np.float64(5.123006833712984)
3.4277 	EXP 	slider: markerPos = np.float64(5.123006833712984)
3.4417 	EXP 	slider: markerPos = np.float64(5.123006833712984)
3.4552 	EXP 	slider: markerPos = np.float64(5.123006833712984)
3.4612 	EXP 	slider: markerPos = np.float64(5.123006833712984)
3.4645 	EXP 	slider: markerPos = np.float64(5.123006833712984)
3.4801 	EXP 	slider: markerPos = np.float64(5.123006833712984)
3.4862 	EXP 	slider: markerPos = np.float64(5.123006833712984)
3.5008 	EXP 	slider: markerPos = np.float64(5.123006833712984)
3.5063 	EXP 	slider: markerPos = np.float64(5.123006833712984)
3.5099 	EXP 	slider: markerPos = np.float64(5.123006833712984)
3.5256 	EXP 	slider: markerPos = np.float64(5.123006833712984)
3.5305 	EXP 	slider: markerPos = np.float64(5.123006833712984)
3.5465 	EXP 	slider: markerPos = np.float64(5.123006833712984)
3.5518 	EXP 	slider: markerPos = np.float64(5.123006833712984)
3.5549 	EXP 	slider: markerPos = np.float64(5.123006833712984)
3.5715 	EXP 	slider: markerPos = np.float64(5.123006833712984)
3.5757 	EXP 	slider: markerPos = np.float64(5.123006833712984)
3.5923 	EXP 	slider: markerPos = np.float64(5.123006833712984)
3.5958 	EXP 	slider: markerPos = np.float64(5.123006833712984)
3.6089 	EXP 	slider: markerPos = np.float64(5.123006833712984)
3.6171 	EXP 	slider: markerPos = np.float64(5.118451025056947)
3.6307 	EXP 	slider: markerPos = np.float64(5.118451025056947)
3.6341 	EXP 	slider: markerPos = np.float64(5.109339407744875)
3.6476 	EXP 	slider: markerPos = np.float64(5.109339407744875)
3.6509 	EXP 	slider: markerPos = np.float64(5.100227790432802)
3.6670 	EXP 	slider: markerPos = np.float64(5.100227790432802)
3.6710 	EXP 	slider: markerPos = np.float64(5.086560364464693)
3.6837 	EXP 	slider: markerPos = np.float64(5.077448747152619)
3.6884 	EXP 	slider: markerPos = np.float64(5.068337129840547)
3.7042 	EXP 	slider: markerPos = np.float64(5.054669703872437)
3.7077 	EXP 	slider: markerPos = np.float64(5.031890660592255)
3.7249 	EXP 	slider: markerPos = np.float64(5.031890660592255)
3.7285 	EXP 	slider: markerPos = np.float64(5.004555808656036)
3.7459 	EXP 	slider: markerPos = np.float64(4.990888382687928)
3.7493 	EXP 	slider: markerPos = np.float64(4.9635535307517085)
3.7523 	EXP 	slider: markerPos = np.float64(4.9635535307517085)
3.7685 	EXP 	slider: markerPos = np.float64(4.954441913439636)
3.7838 	EXP 	slider: markerPos = np.float64(4.931662870159453)
3.7891 	EXP 	slider: markerPos = np.float64(4.904328018223235)
3.7924 	EXP 	slider: markerPos = np.float64(4.904328018223235)
3.8084 	EXP 	slider: markerPos = np.float64(4.904328018223235)
3.8212 	EXP 	slider: markerPos = np.float64(4.876993166287016)
3.8250 	EXP 	slider: markerPos = np.float64(4.854214123006834)
3.8380 	EXP 	slider: markerPos = np.float64(4.854214123006834)
3.8467 	EXP 	slider: markerPos = np.float64(4.835990888382688)
3.8526 	EXP 	slider: markerPos = np.float64(4.826879271070615)
3.8673 	EXP 	slider: markerPos = np.float64(4.808656036446469)
3.8726 	EXP 	slider: markerPos = np.float64(4.790432801822323)
3.8759 	EXP 	slider: markerPos = np.float64(4.790432801822323)
3.8918 	EXP 	slider: markerPos = np.float64(4.781321184510251)
3.9046 	EXP 	slider: markerPos = np.float64(4.763097949886105)
3.9084 	EXP 	slider: markerPos = np.float64(4.758542141230068)
3.9218 	EXP 	slider: markerPos = np.float64(4.7494305239179955)
3.9264 	EXP 	slider: markerPos = np.float64(4.735763097949886)
3.9422 	EXP 	slider: markerPos = np.float64(4.7266514806378135)
3.9461 	EXP 	slider: markerPos = np.float64(4.708428246013668)
3.9593 	EXP 	slider: markerPos = np.float64(4.708428246013668)
3.9632 	EXP 	slider: markerPos = np.float64(4.690205011389522)
3.9794 	EXP 	slider: markerPos = np.float64(4.690205011389522)
3.9831 	EXP 	slider: markerPos = np.float64(4.66742596810934)
3.9968 	EXP 	slider: markerPos = np.float64(4.6537585421412295)
4.0009 	EXP 	slider: markerPos = np.float64(4.640091116173121)
4.0169 	EXP 	slider: markerPos = np.float64(4.626423690205011)
4.0205 	EXP 	slider: markerPos = np.float64(4.58997722095672)
4.0338 	EXP 	slider: markerPos = np.float64(4.58997722095672)
4.0374 	EXP 	slider: markerPos = np.float64(4.517084282460137)
4.0505 	EXP 	slider: markerPos = np.float64(4.517084282460137)
4.0551 	EXP 	slider: markerPos = np.float64(4.43507972665148)
4.0714 	EXP 	slider: markerPos = np.float64(4.43507972665148)
4.0750 	EXP 	slider: markerPos = np.float64(4.334851936218679)
4.0920 	EXP 	slider: markerPos = np.float64(4.266514806378132)
4.0976 	EXP 	slider: markerPos = np.float64(4.125284738041002)
4.1010 	EXP 	slider: markerPos = np.float64(4.052391799544419)
4.1171 	EXP 	slider: markerPos = np.float64(4.052391799544419)
4.1211 	EXP 	slider: markerPos = np.float64(3.9157175398633255)
4.1346 	EXP 	slider: markerPos = np.float64(3.9157175398633255)
4.1384 	EXP 	slider: markerPos = np.float64(3.83371298405467)
4.1545 	EXP 	slider: markerPos = np.float64(3.83371298405467)
4.1582 	EXP 	slider: markerPos = np.float64(3.715261958997722)
4.1753 	EXP 	slider: markerPos = np.float64(3.715261958997722)
4.1967 	EXP 	slider: markerPos = np.float64(3.6605922551252847)
4.2026 	EXP 	slider: markerPos = np.float64(3.6013667425968108)
4.2062 	EXP 	slider: markerPos = np.float64(3.6013667425968108)
4.2255 	EXP 	slider: markerPos = np.float64(3.592255125284738)
4.2332 	EXP 	slider: markerPos = np.float64(3.569476082004556)
4.2369 	EXP 	slider: markerPos = np.float64(3.5558086560364464)
4.2504 	EXP 	slider: markerPos = np.float64(3.55125284738041)
4.2552 	EXP 	slider: markerPos = np.float64(3.5421412300683373)
4.2717 	EXP 	slider: markerPos = np.float64(3.5421412300683373)
4.2770 	EXP 	slider: markerPos = np.float64(3.5330296127562644)
4.2817 	EXP 	slider: markerPos = np.float64(3.5330296127562644)
4.2959 	EXP 	slider: markerPos = np.float64(3.5330296127562644)
4.3093 	EXP 	slider: markerPos = np.float64(3.5239179954441915)
4.3149 	EXP 	slider: markerPos = np.float64(3.510250569476082)
4.3173 	EXP 	slider: markerPos = np.float64(3.510250569476082)
4.3334 	EXP 	slider: markerPos = np.float64(3.510250569476082)
4.3463 	EXP 	slider: markerPos = np.float64(3.492027334851936)
4.3548 	EXP 	slider: markerPos = np.float64(3.4738041002277904)
4.3679 	EXP 	slider: markerPos = np.float64(3.451025056947608)
4.3726 	EXP 	slider: markerPos = np.float64(3.428246013667426)
4.3758 	EXP 	slider: markerPos = np.float64(3.428246013667426)
4.3917 	EXP 	slider: markerPos = np.float64(3.4145785876993164)
4.4046 	EXP 	slider: markerPos = np.float64(3.4009111617312073)
4.4082 	EXP 	slider: markerPos = np.float64(3.369020501138952)
4.4212 	EXP 	slider: markerPos = np.float64(3.369020501138952)
4.4294 	EXP 	slider: markerPos = np.float64(3.3416856492027334)
4.4421 	EXP 	slider: markerPos = np.float64(3.3325740318906605)
4.4460 	EXP 	slider: markerPos = np.float64(3.305239179954442)
4.4508 	EXP 	slider: markerPos = np.float64(3.305239179954442)
4.4668 	EXP 	slider: markerPos = np.float64(3.2915717539863327)
4.4803 	EXP 	slider: markerPos = np.float64(3.277904328018223)
4.4841 	EXP 	slider: markerPos = np.float64(3.273348519362187)
4.4977 	EXP 	slider: markerPos = np.float64(3.273348519362187)
4.4994 	DATA 	Mouse:  Left button up, pos=(736,123)
4.5039 	EXP 	slider: markerPos = np.float64(3.273348519362187)
4.5174 	EXP 	text: autoDraw = False
4.5174 	EXP 	slider: autoDraw = False
4.5176 	EXP 	untitled: status = STOPPED
4.5226 	INFO 	saved data to '/Users/aniluchavez/Documents/GitHub/Scratch/Code/data/213485_untitled_2024-10-22_14h01.57.266.csv'
4.5233 	INFO 	saved data to /Users/aniluchavez/Documents/GitHub/Scratch/Code/data/213485_untitled_2024-10-22_14h01.57.266.psydat
4.5415 	EXP 	window1: mouseVisible = True
